{
  "RSpec": {
    "coverage": {
      "/Users/MuhammadYawarAli/work/Rails/LP/66w/hw-acceptance-unit-test-cycle-master/rottenpotatoes/app/helpers/application_helper.rb": [
        1,
        null
      ],
      "/Users/MuhammadYawarAli/work/Rails/LP/66w/hw-acceptance-unit-test-cycle-master/rottenpotatoes/app/helpers/movies_helper.rb": [
        1,
        null,
        1,
        0,
        null,
        null
      ],
      "/Users/MuhammadYawarAli/work/Rails/LP/66w/hw-acceptance-unit-test-cycle-master/rottenpotatoes/app/models/movie.rb": [
        1,
        1,
        0,
        null,
        null
      ],
      "/Users/MuhammadYawarAli/work/Rails/LP/66w/hw-acceptance-unit-test-cycle-master/rottenpotatoes/app/controllers/application_controller.rb": [
        0,
        0,
        0
      ],
      "/Users/MuhammadYawarAli/work/Rails/LP/66w/hw-acceptance-unit-test-cycle-master/rottenpotatoes/app/controllers/movies_controller.rb": [
        0,
        0,
        0,
        0,
        0,
        0,
        0,
        0,
        0,
        0,
        0,
        0,
        0,
        0,
        0,
        0,
        0,
        0,
        0,
        0,
        0,
        0,
        0,
        0,
        0,
        0,
        0,
        0,
        0,
        0,
        0,
        0,
        0,
        0,
        0,
        0,
        0,
        0,
        0,
        0,
        0,
        0,
        0,
        0,
        0,
        0,
        0,
        0,
        0,
        0,
        0,
        0,
        0,
        0,
        0,
        0,
        0,
        0,
        0,
        0,
        0,
        0,
        0,
        0
      ]
    },
    "timestamp": 1468314755
  }
}
